<?xml version="1.0" encoding="UTF-8"?>
<testsuite name="org.crazyit.firstboot.service.MockTest" tests="1" skipped="0" failures="0" errors="0" timestamp="2021-01-12T04:44:04" hostname="YEEKU-PC" time="0.368">
  <properties/>
  <testcase name="testGetAllBooks()" classname="org.crazyit.firstboot.service.MockTest" time="0.368"/>
  <system-out><![CDATA[23:43:52.883 [Test worker] DEBUG org.springframework.test.context.BootstrapUtils - Instantiating CacheAwareContextLoaderDelegate from class [org.springframework.test.context.cache.DefaultCacheAwareContextLoaderDelegate]
23:43:52.925 [Test worker] DEBUG org.springframework.test.context.BootstrapUtils - Instantiating BootstrapContext using constructor [public org.springframework.test.context.support.DefaultBootstrapContext(java.lang.Class,org.springframework.test.context.CacheAwareContextLoaderDelegate)]
23:43:53.041 [Test worker] DEBUG org.springframework.test.context.BootstrapUtils - Instantiating TestContextBootstrapper for test class [org.crazyit.firstboot.service.MockTest] from class [org.springframework.boot.test.context.SpringBootTestContextBootstrapper]
23:43:53.082 [Test worker] INFO org.springframework.boot.test.context.SpringBootTestContextBootstrapper - Neither @ContextConfiguration nor @ContextHierarchy found for test class [org.crazyit.firstboot.service.MockTest], using SpringBootContextLoader
23:43:53.093 [Test worker] DEBUG org.springframework.test.context.support.AbstractContextLoader - Did not detect default resource location for test class [org.crazyit.firstboot.service.MockTest]: class path resource [org/crazyit/firstboot/service/MockTest-context.xml] does not exist
23:43:53.095 [Test worker] DEBUG org.springframework.test.context.support.AbstractContextLoader - Did not detect default resource location for test class [org.crazyit.firstboot.service.MockTest]: class path resource [org/crazyit/firstboot/service/MockTestContext.groovy] does not exist
23:43:53.097 [Test worker] INFO org.springframework.test.context.support.AbstractContextLoader - Could not detect default resource locations for test class [org.crazyit.firstboot.service.MockTest]: no resource found for suffixes {-context.xml, Context.groovy}.
23:43:53.100 [Test worker] INFO org.springframework.test.context.support.AnnotationConfigContextLoaderUtils - Could not detect default configuration classes for test class [org.crazyit.firstboot.service.MockTest]: MockTest does not declare any static, non-private, non-final, nested classes annotated with @Configuration.
23:43:53.257 [Test worker] DEBUG org.springframework.test.context.support.ActiveProfilesUtils - Could not find an 'annotation declaring class' for annotation type [org.springframework.test.context.ActiveProfiles] and class [org.crazyit.firstboot.service.MockTest]
23:43:53.481 [Test worker] DEBUG org.springframework.context.annotation.ClassPathScanningCandidateComponentProvider - Identified candidate component class: file [G:\publish\codes\01\1.4\firstboot\build\classes\java\main\org\crazyit\firstboot\FirstbootApplication.class]
23:43:53.484 [Test worker] INFO org.springframework.boot.test.context.SpringBootTestContextBootstrapper - Found @SpringBootConfiguration org.crazyit.firstboot.FirstbootApplication for test class org.crazyit.firstboot.service.MockTest
23:43:53.867 [Test worker] DEBUG org.springframework.boot.test.context.SpringBootTestContextBootstrapper - @TestExecutionListeners is not present for class [org.crazyit.firstboot.service.MockTest]: using defaults.
23:43:53.869 [Test worker] INFO org.springframework.boot.test.context.SpringBootTestContextBootstrapper - Loaded default TestExecutionListener class names from location [META-INF/spring.factories]: [org.springframework.boot.test.autoconfigure.restdocs.RestDocsTestExecutionListener, org.springframework.boot.test.autoconfigure.web.client.MockRestServiceServerResetTestExecutionListener, org.springframework.boot.test.autoconfigure.web.servlet.MockMvcPrintOnlyOnFailureTestExecutionListener, org.springframework.boot.test.autoconfigure.web.servlet.WebDriverTestExecutionListener, org.springframework.boot.test.autoconfigure.webservices.client.MockWebServiceServerTestExecutionListener, org.springframework.boot.test.mock.mockito.MockitoTestExecutionListener, org.springframework.boot.test.mock.mockito.ResetMocksTestExecutionListener, org.springframework.test.context.web.ServletTestExecutionListener, org.springframework.test.context.support.DirtiesContextBeforeModesTestExecutionListener, org.springframework.test.context.support.DependencyInjectionTestExecutionListener, org.springframework.test.context.support.DirtiesContextTestExecutionListener, org.springframework.test.context.transaction.TransactionalTestExecutionListener, org.springframework.test.context.jdbc.SqlScriptsTestExecutionListener, org.springframework.test.context.event.EventPublishingTestExecutionListener]
23:43:53.917 [Test worker] INFO org.springframework.boot.test.context.SpringBootTestContextBootstrapper - Using TestExecutionListeners: [org.springframework.test.context.web.ServletTestExecutionListener@394e98e5, org.springframework.test.context.support.DirtiesContextBeforeModesTestExecutionListener@1dfbaf58, org.springframework.boot.test.mock.mockito.MockitoTestExecutionListener@cf6bd8d, org.springframework.boot.test.autoconfigure.SpringBootDependencyInjectionTestExecutionListener@2a40e865, org.springframework.test.context.support.DirtiesContextTestExecutionListener@6704d478, org.springframework.test.context.transaction.TransactionalTestExecutionListener@27c526af, org.springframework.test.context.jdbc.SqlScriptsTestExecutionListener@1ee6fd0f, org.springframework.test.context.event.EventPublishingTestExecutionListener@33c82d76, org.springframework.boot.test.autoconfigure.restdocs.RestDocsTestExecutionListener@72ae8863, org.springframework.boot.test.autoconfigure.web.client.MockRestServiceServerResetTestExecutionListener@7cd028c7, org.springframework.boot.test.autoconfigure.web.servlet.MockMvcPrintOnlyOnFailureTestExecutionListener@5577bcd7, org.springframework.boot.test.autoconfigure.web.servlet.WebDriverTestExecutionListener@27268892, org.springframework.boot.test.autoconfigure.webservices.client.MockWebServiceServerTestExecutionListener@21cde185, org.springframework.boot.test.mock.mockito.ResetMocksTestExecutionListener@5c26736b]
23:43:53.949 [Test worker] DEBUG org.springframework.test.context.support.AbstractDirtiesContextTestExecutionListener - Before test class: context [DefaultTestContext@3a432ece testClass = MockTest, testInstance = [null], testMethod = [null], testException = [null], mergedContextConfiguration = [MergedContextConfiguration@1b8a4c29 testClass = MockTest, locations = '{}', classes = '{class org.crazyit.firstboot.FirstbootApplication}', contextInitializerClasses = '[]', activeProfiles = '{}', propertySourceLocations = '{}', propertySourceProperties = '{org.springframework.boot.test.context.SpringBootTestContextBootstrapper=true}', contextCustomizers = set[org.springframework.boot.test.autoconfigure.actuate.metrics.MetricsExportContextCustomizerFactory$DisableMetricExportContextCustomizer@6c34b1b9, org.springframework.boot.test.autoconfigure.properties.PropertyMappingContextCustomizer@0, org.springframework.boot.test.autoconfigure.web.servlet.WebDriverContextCustomizerFactory$Customizer@1dead439, org.springframework.boot.test.context.filter.ExcludeFilterContextCustomizer@3fb6f90f, org.springframework.boot.test.json.DuplicateJsonObjectContextCustomizerFactory$DuplicateJsonObjectContextCustomizer@5b7511b4, org.springframework.boot.test.mock.mockito.MockitoContextCustomizer@b6349558, org.springframework.boot.test.web.client.TestRestTemplateContextCustomizer@19afbca7, org.springframework.boot.test.context.SpringBootTestArgs@1, org.springframework.boot.test.context.SpringBootTestWebEnvironment@4ee7b54f], contextLoader = 'org.springframework.boot.test.context.SpringBootContextLoader', parent = [null]], attributes = map[[empty]]], class annotated with @DirtiesContext [false] with mode [null].
23:43:54.058 [Test worker] DEBUG org.springframework.test.context.support.TestPropertySourceUtils - Adding inlined properties to environment: {spring.jmx.enabled=false, org.springframework.boot.test.context.SpringBootTestContextBootstrapper=true}

  .   ____          _            __ _ _
 /\\ / ___'_ __ _ _(_)_ __  __ _ \ \ \ \
( ( )\___ | '_ | '_| | '_ \/ _` | \ \ \ \
 \\/  ___)| |_)| | | | | || (_| |  ) ) ) )
  '  |____| .__|_| |_|_| |_\__, | / / / /
 =========|_|==============|___/=/_/_/_/
 :: Spring Boot ::                (v2.4.1)

2021-01-11 23:43:55.042  INFO 18064 --- [    Test worker] org.crazyit.firstboot.service.MockTest   : Starting MockTest using Java 11.0.9 on yeeku-PC with PID 18064 (started by yeeku in G:\publish\codes\01\1.4\firstboot)
2021-01-11 23:43:55.068  INFO 18064 --- [    Test worker] org.crazyit.firstboot.service.MockTest   : No active profile set, falling back to default profiles: default
2021-01-11 23:43:56.900  INFO 18064 --- [    Test worker] .s.d.r.c.RepositoryConfigurationDelegate : Bootstrapping Spring Data JPA repositories in DEFAULT mode.
2021-01-11 23:43:57.097  INFO 18064 --- [    Test worker] .s.d.r.c.RepositoryConfigurationDelegate : Finished Spring Data repository scanning in 176 ms. Found 1 JPA repository interfaces.
2021-01-11 23:43:59.648  INFO 18064 --- [    Test worker] com.zaxxer.hikari.HikariDataSource       : HikariPool-1 - Starting...
2021-01-11 23:44:00.822  INFO 18064 --- [    Test worker] com.zaxxer.hikari.HikariDataSource       : HikariPool-1 - Start completed.
2021-01-11 23:44:01.178  INFO 18064 --- [    Test worker] o.hibernate.jpa.internal.util.LogHelper  : HHH000204: Processing PersistenceUnitInfo [name: default]
2021-01-11 23:44:01.446  INFO 18064 --- [    Test worker] org.hibernate.Version                    : HHH000412: Hibernate ORM core version 5.4.25.Final
2021-01-11 23:44:01.567  INFO 18064 --- [    Test worker] o.hibernate.annotations.common.Version   : HCANN000001: Hibernate Commons Annotations {5.1.2.Final}
2021-01-11 23:44:01.984  INFO 18064 --- [    Test worker] org.hibernate.dialect.Dialect            : HHH000400: Using dialect: org.hibernate.dialect.MySQL8Dialect
2021-01-11 23:44:03.350  INFO 18064 --- [    Test worker] o.h.e.t.j.p.i.JtaPlatformInitiator       : HHH000490: Using JtaPlatform implementation: [org.hibernate.engine.transaction.jta.platform.internal.NoJtaPlatform]
2021-01-11 23:44:03.367  INFO 18064 --- [    Test worker] j.LocalContainerEntityManagerFactoryBean : Initialized JPA EntityManagerFactory for persistence unit 'default'
2021-01-11 23:44:04.677  INFO 18064 --- [    Test worker] org.crazyit.firstboot.service.MockTest   : Started MockTest in 10.611 seconds (JVM running for 14.439)
]]></system-out>
  <system-err><![CDATA[]]></system-err>
</testsuite>
